<?xml version="1.0" encoding="UTF-8" ?>
<testsuite tests="5" failures="5" name="com.qapitol.qa.test.TestDemoTest" time="0.255" errors="0" skipped="0">
  <properties>
[...]
</properties>
  <testcase classname="com.qapitol.qa.test.TestDemoTest" name="testDeletePost" time="0.088">
    <failure message="java.net.ConnectException: ConnectException invoking http://localhost:3000/employees/10: Connection refused (Connection refused)" type="javax.ws.rs.ProcessingException">javax.ws.rs.ProcessingException: java.net.ConnectException: ConnectException invoking http://localhost:3000/employees/10: Connection refused (Connection refused)
	at org.apache.cxf.jaxrs.client.AbstractClient.checkClientException(AbstractClient.java:602)
	at org.apache.cxf.jaxrs.client.AbstractClient.preProcessResult(AbstractClient.java:578)
	at org.apache.cxf.jaxrs.client.ClientProxyImpl.doChainedInvocation(ClientProxyImpl.java:783)
	at org.apache.cxf.jaxrs.client.ClientProxyImpl.invoke(ClientProxyImpl.java:230)
	at com.sun.proxy.$Proxy18.deleteEmployee(Unknown Source)
	at com.qapitol.qa.test.TestDemoTest.testDeletePost(TestDemoTest.java:70)
Caused by: java.net.ConnectException: ConnectException invoking http://localhost:3000/employees/10: Connection refused (Connection refused)
	at sun.reflect.NativeConstructorAccessorImpl.newInstance0(Native Method)
	at sun.reflect.NativeConstructorAccessorImpl.newInstance(NativeConstructorAccessorImpl.java:62)
	at sun.reflect.DelegatingConstructorAccessorImpl.newInstance(DelegatingConstructorAccessorImpl.java:45)
	at java.lang.reflect.Constructor.newInstance(Constructor.java:423)
	at org.apache.cxf.transport.http.HTTPConduit$WrappedOutputStream.mapException(HTTPConduit.java:1385)
	at org.apache.cxf.transport.http.HTTPConduit$WrappedOutputStream.close(HTTPConduit.java:1369)
	at org.apache.cxf.transport.AbstractConduit.close(AbstractConduit.java:56)
	at org.apache.cxf.transport.http.HTTPConduit.close(HTTPConduit.java:653)
	at org.apache.cxf.interceptor.MessageSenderInterceptor$MessageSenderEndingInterceptor.handleMessage(MessageSenderInterceptor.java:62)
	at org.apache.cxf.phase.PhaseInterceptorChain.doIntercept(PhaseInterceptorChain.java:307)
	at org.apache.cxf.jaxrs.client.AbstractClient.doRunInterceptorChain(AbstractClient.java:675)
	at org.apache.cxf.jaxrs.client.ClientProxyImpl.doChainedInvocation(ClientProxyImpl.java:781)
	... 36 more
Caused by: java.net.ConnectException: Connection refused (Connection refused)
	at java.net.PlainSocketImpl.socketConnect(Native Method)
	at java.net.AbstractPlainSocketImpl.doConnect(AbstractPlainSocketImpl.java:350)
	at java.net.AbstractPlainSocketImpl.connectToAddress(AbstractPlainSocketImpl.java:206)
	at java.net.AbstractPlainSocketImpl.connect(AbstractPlainSocketImpl.java:188)
	at java.net.SocksSocketImpl.connect(SocksSocketImpl.java:392)
	at java.net.Socket.connect(Socket.java:589)
	at sun.net.NetworkClient.doConnect(NetworkClient.java:175)
	at sun.net.www.http.HttpClient.openServer(HttpClient.java:463)
	at sun.net.www.http.HttpClient.openServer(HttpClient.java:558)
	at sun.net.www.http.HttpClient.&lt;init&gt;(HttpClient.java:242)
	at sun.net.www.http.HttpClient.New(HttpClient.java:339)
	at sun.net.www.http.HttpClient.New(HttpClient.java:357)
	at sun.net.www.protocol.http.HttpURLConnection.getNewHttpClient(HttpURLConnection.java:1220)
	at sun.net.www.protocol.http.HttpURLConnection.plainConnect0(HttpURLConnection.java:1199)
	at sun.net.www.protocol.http.HttpURLConnection.plainConnect(HttpURLConnection.java:1050)
	at sun.net.www.protocol.http.HttpURLConnection.connect(HttpURLConnection.java:984)
	at sun.net.www.protocol.http.HttpURLConnection.getInputStream0(HttpURLConnection.java:1564)
	at sun.net.www.protocol.http.HttpURLConnection.getInputStream(HttpURLConnection.java:1492)
	at java.net.HttpURLConnection.getResponseCode(HttpURLConnection.java:480)
	at org.apache.cxf.transport.http.URLConnectionHTTPConduit$URLConnectionWrappedOutputStream$1.run(URLConnectionHTTPConduit.java:360)
	at org.apache.cxf.transport.http.URLConnectionHTTPConduit$URLConnectionWrappedOutputStream$1.run(URLConnectionHTTPConduit.java:357)
	at java.security.AccessController.doPrivileged(Native Method)
	at org.apache.cxf.transport.http.URLConnectionHTTPConduit$URLConnectionWrappedOutputStream.getResponseCode(URLConnectionHTTPConduit.java:357)
	at org.apache.cxf.transport.http.HTTPConduit$WrappedOutputStream.doProcessResponseCode(HTTPConduit.java:1589)
	at org.apache.cxf.transport.http.HTTPConduit$WrappedOutputStream.handleResponseInternal(HTTPConduit.java:1618)
	at org.apache.cxf.transport.http.HTTPConduit$WrappedOutputStream.handleResponse(HTTPConduit.java:1559)
	at org.apache.cxf.transport.http.HTTPConduit$WrappedOutputStream.close(HTTPConduit.java:1356)
	... 42 more
</failure>
    <system-out>Configuring TestNG with: org.apache.maven.surefire.testng.conf.TestNG652Configurator@1e81f4dc
12:49:05.184 [main] DEBUG org.apache.cxf.common.logging.LogUtils - Using org.apache.cxf.common.logging.Slf4jLogger for logging.
12:49:05.344 [main] DEBUG org.apache.cxf.jaxrs.model.AbstractResourceInfo - Injecting a custom context org.apache.cxf.jaxrs.ext.MessageContext, ContextProvider is required for this type
12:49:05.349 [main] DEBUG org.apache.cxf.jaxrs.model.AbstractResourceInfo - Injecting a custom context org.apache.cxf.jaxrs.ext.MessageContext, ContextProvider is required for this type
12:49:05.351 [main] DEBUG org.apache.cxf.jaxrs.model.AbstractResourceInfo - Injecting a custom context org.apache.cxf.jaxrs.ext.MessageContext, ContextProvider is required for this type
12:49:05.351 [main] DEBUG org.apache.cxf.jaxrs.model.AbstractResourceInfo - Injecting a custom context org.apache.cxf.jaxrs.ext.MessageContext, ContextProvider is required for this type
12:49:05.361 [main] DEBUG org.apache.cxf.jaxrs.provider.ProviderFactory - Problem with creating the default provider org.apache.cxf.jaxrs.provider.json.JSONProvider: org.apache.cxf.jaxrs.provider.json.JSONProvider
12:49:05.390 [main] DEBUG org.apache.cxf.phase.PhaseInterceptorChain - Adding interceptor org.apache.cxf.interceptor.MessageSenderInterceptor@77fbd92c to phase prepare-send
12:49:05.391 [main] DEBUG org.apache.cxf.phase.PhaseInterceptorChain - Adding interceptor org.apache.cxf.interceptor.MessageSenderInterceptor@77fbd92c to phase prepare-send
12:49:05.392 [main] DEBUG org.apache.cxf.phase.PhaseInterceptorChain - Adding interceptor org.apache.cxf.jaxrs.client.spec.ClientRequestFilterInterceptor@35e2d654 to phase pre-logical
12:49:05.406 [main] DEBUG org.apache.cxf.transport.http.HTTPConduit - Conduit &apos;{http://api.qa.qapitol.com/}Employees.http-conduit&apos; has been (re)configured for plain http.
12:49:05.406 [main] DEBUG org.apache.cxf.transport.http.HTTPConduit - No Trust Decider configured for Conduit &apos;{http://api.qa.qapitol.com/}Employees.http-conduit&apos;
12:49:05.406 [main] DEBUG org.apache.cxf.transport.http.HTTPConduit - No Auth Supplier configured for Conduit &apos;{http://api.qa.qapitol.com/}Employees.http-conduit&apos;
12:49:05.406 [main] DEBUG org.apache.cxf.transport.http.HTTPConduit - Conduit &apos;{http://api.qa.qapitol.com/}Employees.http-conduit&apos; has been configured for plain http.
12:49:05.406 [main] DEBUG org.apache.cxf.transport.http.HTTPConduit - registering incoming observer: org.apache.cxf.jaxrs.client.ClientMessageObserver@2d3379b4
12:49:05.407 [main] DEBUG org.apache.cxf.phase.PhaseInterceptorChain - Adding interceptor org.apache.cxf.jaxrs.client.ClientProxyImpl$BodyWriter@30c15d8b to phase write
12:49:05.407 [main] DEBUG org.apache.cxf.phase.PhaseInterceptorChain - Chain org.apache.cxf.phase.PhaseInterceptorChain@51399530 was created. Current flow:
  pre-logical [ClientRequestFilterInterceptor]
  prepare-send [MessageSenderInterceptor]
  write [BodyWriter]

12:49:05.407 [main] DEBUG org.apache.cxf.phase.PhaseInterceptorChain - Invoking handleMessage on interceptor org.apache.cxf.jaxrs.client.spec.ClientRequestFilterInterceptor@35e2d654
12:49:05.407 [main] DEBUG org.apache.cxf.phase.PhaseInterceptorChain - Invoking handleMessage on interceptor org.apache.cxf.interceptor.MessageSenderInterceptor@77fbd92c
12:49:05.453 [main] DEBUG org.apache.cxf.phase.PhaseInterceptorChain - Adding interceptor org.apache.cxf.interceptor.MessageSenderInterceptor$MessageSenderEndingInterceptor@b2c9a9c to phase prepare-send-ending
12:49:05.453 [main] DEBUG org.apache.cxf.phase.PhaseInterceptorChain - Chain org.apache.cxf.phase.PhaseInterceptorChain@51399530 was modified. Current flow:
  pre-logical [ClientRequestFilterInterceptor]
  prepare-send [MessageSenderInterceptor]
  write [BodyWriter]
  prepare-send-ending [MessageSenderEndingInterceptor]

12:49:05.454 [main] DEBUG org.apache.cxf.phase.PhaseInterceptorChain - Invoking handleMessage on interceptor org.apache.cxf.jaxrs.client.ClientProxyImpl$BodyWriter@30c15d8b
12:49:05.454 [main] DEBUG org.apache.cxf.phase.PhaseInterceptorChain - Invoking handleMessage on interceptor org.apache.cxf.interceptor.MessageSenderInterceptor$MessageSenderEndingInterceptor@b2c9a9c
12:49:05.455 [main] DEBUG org.apache.cxf.transport.http.Headers - Content-Type: application/json
12:49:05.455 [main] DEBUG org.apache.cxf.transport.http.Headers - Accept: application/json
12:49:05.455 [main] DEBUG org.apache.cxf.transport.http.HTTPConduit - No Trust Decider for Conduit &apos;{http://api.qa.qapitol.com/}Employees.http-conduit&apos;. An affirmative Trust Decision is assumed.
12:49:05.460 [main] DEBUG org.apache.cxf.phase.PhaseInterceptorChain - Invoking handleFault on interceptor org.apache.cxf.interceptor.MessageSenderInterceptor$MessageSenderEndingInterceptor@b2c9a9c
12:49:05.461 [main] DEBUG org.apache.cxf.phase.PhaseInterceptorChain - Invoking handleFault on interceptor org.apache.cxf.jaxrs.client.ClientProxyImpl$BodyWriter@30c15d8b
12:49:05.461 [main] DEBUG org.apache.cxf.phase.PhaseInterceptorChain - Invoking handleFault on interceptor org.apache.cxf.interceptor.MessageSenderInterceptor@77fbd92c
12:49:05.461 [main] DEBUG org.apache.cxf.phase.PhaseInterceptorChain - Invoking handleFault on interceptor org.apache.cxf.jaxrs.client.spec.ClientRequestFilterInterceptor@35e2d654
12:49:05.463 [main] WARN org.apache.cxf.phase.PhaseInterceptorChain - Interceptor for {http://api.qa.qapitol.com/}Employees has thrown exception, unwinding now
org.apache.cxf.interceptor.Fault: Could not send Message.
	at org.apache.cxf.interceptor.MessageSenderInterceptor$MessageSenderEndingInterceptor.handleMessage(MessageSenderInterceptor.java:64)
	at org.apache.cxf.phase.PhaseInterceptorChain.doIntercept(PhaseInterceptorChain.java:307)
	at org.apache.cxf.jaxrs.client.AbstractClient.doRunInterceptorChain(AbstractClient.java:675)
	at org.apache.cxf.jaxrs.client.ClientProxyImpl.doChainedInvocation(ClientProxyImpl.java:781)
	at org.apache.cxf.jaxrs.client.ClientProxyImpl.invoke(ClientProxyImpl.java:230)
	at com.sun.proxy.$Proxy18.deleteEmployee(Unknown Source)
	at com.qapitol.qa.test.TestDemoTest.testDeletePost(TestDemoTest.java:70)
	at sun.reflect.NativeMethodAccessorImpl.invoke0(Native Method)
	at sun.reflect.NativeMethodAccessorImpl.invoke(NativeMethodAccessorImpl.java:62)
	at sun.reflect.DelegatingMethodAccessorImpl.invoke(DelegatingMethodAccessorImpl.java:43)
	at java.lang.reflect.Method.invoke(Method.java:498)
	at org.testng.internal.MethodInvocationHelper.invokeMethod(MethodInvocationHelper.java:86)
	at org.testng.internal.Invoker.invokeMethod(Invoker.java:643)
	at org.testng.internal.Invoker.invokeTestMethod(Invoker.java:820)
	at org.testng.internal.Invoker.invokeTestMethods(Invoker.java:1128)
	at org.testng.internal.TestMethodWorker.invokeTestMethods(TestMethodWorker.java:129)
	at org.testng.internal.TestMethodWorker.run(TestMethodWorker.java:112)
	at org.testng.TestRunner.privateRun(TestRunner.java:782)
	at org.testng.TestRunner.run(TestRunner.java:632)
	at org.testng.SuiteRunner.runTest(SuiteRunner.java:366)
	at org.testng.SuiteRunner.runSequentially(SuiteRunner.java:361)
	at org.testng.SuiteRunner.privateRun(SuiteRunner.java:319)
	at org.testng.SuiteRunner.run(SuiteRunner.java:268)
	at org.testng.SuiteRunnerWorker.runSuite(SuiteRunnerWorker.java:52)
	at org.testng.SuiteRunnerWorker.run(SuiteRunnerWorker.java:86)
	at org.testng.TestNG.runSuitesSequentially(TestNG.java:1244)
	at org.testng.TestNG.runSuitesLocally(TestNG.java:1169)
	at org.testng.TestNG.run(TestNG.java:1064)
	at org.apache.maven.surefire.testng.TestNGExecutor.run(TestNGExecutor.java:77)
	at org.apache.maven.surefire.testng.TestNGDirectoryTestSuite.execute(TestNGDirectoryTestSuite.java:110)
	at org.apache.maven.surefire.testng.TestNGProvider.invoke(TestNGProvider.java:106)
	at sun.reflect.NativeMethodAccessorImpl.invoke0(Native Method)
	at sun.reflect.NativeMethodAccessorImpl.invoke(NativeMethodAccessorImpl.java:62)
	at sun.reflect.DelegatingMethodAccessorImpl.invoke(DelegatingMethodAccessorImpl.java:43)
	at java.lang.reflect.Method.invoke(Method.java:498)
	at org.apache.maven.surefire.util.ReflectionUtils.invokeMethodWithArray(ReflectionUtils.java:189)
	at org.apache.maven.surefire.booter.ProviderFactory$ProviderProxy.invoke(ProviderFactory.java:165)
	at org.apache.maven.surefire.booter.ProviderFactory.invokeProvider(ProviderFactory.java:85)
	at org.apache.maven.surefire.booter.ForkedBooter.runSuitesInProcess(ForkedBooter.java:115)
	at org.apache.maven.surefire.booter.ForkedBooter.main(ForkedBooter.java:75)
Caused by: java.net.ConnectException: ConnectException invoking http://localhost:3000/employees/10: Connection refused (Connection refused)
	at sun.reflect.NativeConstructorAccessorImpl.newInstance0(Native Method)
	at sun.reflect.NativeConstructorAccessorImpl.newInstance(NativeConstructorAccessorImpl.java:62)
	at sun.reflect.DelegatingConstructorAccessorImpl.newInstance(DelegatingConstructorAccessorImpl.java:45)
	at java.lang.reflect.Constructor.newInstance(Constructor.java:423)
	at org.apache.cxf.transport.http.HTTPConduit$WrappedOutputStream.mapException(HTTPConduit.java:1385)
	at org.apache.cxf.transport.http.HTTPConduit$WrappedOutputStream.close(HTTPConduit.java:1369)
	at org.apache.cxf.transport.AbstractConduit.close(AbstractConduit.java:56)
	at org.apache.cxf.transport.http.HTTPConduit.close(HTTPConduit.java:653)
	at org.apache.cxf.interceptor.MessageSenderInterceptor$MessageSenderEndingInterceptor.handleMessage(MessageSenderInterceptor.java:62)
	... 39 common frames omitted
Caused by: java.net.ConnectException: Connection refused (Connection refused)
	at java.net.PlainSocketImpl.socketConnect(Native Method)
	at java.net.AbstractPlainSocketImpl.doConnect(AbstractPlainSocketImpl.java:350)
	at java.net.AbstractPlainSocketImpl.connectToAddress(AbstractPlainSocketImpl.java:206)
	at java.net.AbstractPlainSocketImpl.connect(AbstractPlainSocketImpl.java:188)
	at java.net.SocksSocketImpl.connect(SocksSocketImpl.java:392)
	at java.net.Socket.connect(Socket.java:589)
	at sun.net.NetworkClient.doConnect(NetworkClient.java:175)
	at sun.net.www.http.HttpClient.openServer(HttpClient.java:463)
	at sun.net.www.http.HttpClient.openServer(HttpClient.java:558)
	at sun.net.www.http.HttpClient.&lt;init&gt;(HttpClient.java:242)
	at sun.net.www.http.HttpClient.New(HttpClient.java:339)
	at sun.net.www.http.HttpClient.New(HttpClient.java:357)
	at sun.net.www.protocol.http.HttpURLConnection.getNewHttpClient(HttpURLConnection.java:1220)
	at sun.net.www.protocol.http.HttpURLConnection.plainConnect0(HttpURLConnection.java:1199)
	at sun.net.www.protocol.http.HttpURLConnection.plainConnect(HttpURLConnection.java:1050)
	at sun.net.www.protocol.http.HttpURLConnection.connect(HttpURLConnection.java:984)
	at sun.net.www.protocol.http.HttpURLConnection.getInputStream0(HttpURLConnection.java:1564)
	at sun.net.www.protocol.http.HttpURLConnection.getInputStream(HttpURLConnection.java:1492)
	at java.net.HttpURLConnection.getResponseCode(HttpURLConnection.java:480)
	at org.apache.cxf.transport.http.URLConnectionHTTPConduit$URLConnectionWrappedOutputStream$1.run(URLConnectionHTTPConduit.java:360)
	at org.apache.cxf.transport.http.URLConnectionHTTPConduit$URLConnectionWrappedOutputStream$1.run(URLConnectionHTTPConduit.java:357)
	at java.security.AccessController.doPrivileged(Native Method)
	at org.apache.cxf.transport.http.URLConnectionHTTPConduit$URLConnectionWrappedOutputStream.getResponseCode(URLConnectionHTTPConduit.java:357)
	at org.apache.cxf.transport.http.HTTPConduit$WrappedOutputStream.doProcessResponseCode(HTTPConduit.java:1589)
	at org.apache.cxf.transport.http.HTTPConduit$WrappedOutputStream.handleResponseInternal(HTTPConduit.java:1618)
	at org.apache.cxf.transport.http.HTTPConduit$WrappedOutputStream.handleResponse(HTTPConduit.java:1559)
	at org.apache.cxf.transport.http.HTTPConduit$WrappedOutputStream.close(HTTPConduit.java:1356)
	... 42 common frames omitted
12:49:05.464 [main] DEBUG org.apache.cxf.phase.PhaseInterceptorChain - Adding interceptor org.apache.cxf.jaxrs.client.AbstractClient$ConnectionFaultInterceptor@2002fc1d to phase pre-stream
12:49:05.464 [main] DEBUG org.apache.cxf.phase.PhaseInterceptorChain - Chain org.apache.cxf.phase.PhaseInterceptorChain@69453e37 was created. Current flow:
  pre-stream [ConnectionFaultInterceptor]

12:49:05.464 [main] DEBUG org.apache.cxf.phase.PhaseInterceptorChain - Invoking handleMessage on interceptor org.apache.cxf.jaxrs.client.AbstractClient$ConnectionFaultInterceptor@2002fc1d
</system-out>
  </testcase>
  <testcase classname="com.qapitol.qa.test.TestDemoTest" name="testGetAll" time="0.004">
    <failure message="java.net.ConnectException: ConnectException invoking http://localhost:3000/employees/: Connection refused (Connection refused)" type="javax.ws.rs.ProcessingException">javax.ws.rs.ProcessingException: java.net.ConnectException: ConnectException invoking http://localhost:3000/employees/: Connection refused (Connection refused)
	at org.apache.cxf.jaxrs.client.AbstractClient.checkClientException(AbstractClient.java:602)
	at org.apache.cxf.jaxrs.client.AbstractClient.preProcessResult(AbstractClient.java:578)
	at org.apache.cxf.jaxrs.client.ClientProxyImpl.doChainedInvocation(ClientProxyImpl.java:783)
	at org.apache.cxf.jaxrs.client.ClientProxyImpl.invoke(ClientProxyImpl.java:230)
	at com.sun.proxy.$Proxy18.getAllEmployees(Unknown Source)
	at com.qapitol.qa.test.TestDemoTest.testGetAll(TestDemoTest.java:38)
Caused by: java.net.ConnectException: ConnectException invoking http://localhost:3000/employees/: Connection refused (Connection refused)
	at sun.reflect.NativeConstructorAccessorImpl.newInstance0(Native Method)
	at sun.reflect.NativeConstructorAccessorImpl.newInstance(NativeConstructorAccessorImpl.java:62)
	at sun.reflect.DelegatingConstructorAccessorImpl.newInstance(DelegatingConstructorAccessorImpl.java:45)
	at java.lang.reflect.Constructor.newInstance(Constructor.java:423)
	at org.apache.cxf.transport.http.HTTPConduit$WrappedOutputStream.mapException(HTTPConduit.java:1385)
	at org.apache.cxf.transport.http.HTTPConduit$WrappedOutputStream.close(HTTPConduit.java:1369)
	at org.apache.cxf.transport.AbstractConduit.close(AbstractConduit.java:56)
	at org.apache.cxf.transport.http.HTTPConduit.close(HTTPConduit.java:653)
	at org.apache.cxf.interceptor.MessageSenderInterceptor$MessageSenderEndingInterceptor.handleMessage(MessageSenderInterceptor.java:62)
	at org.apache.cxf.phase.PhaseInterceptorChain.doIntercept(PhaseInterceptorChain.java:307)
	at org.apache.cxf.jaxrs.client.AbstractClient.doRunInterceptorChain(AbstractClient.java:675)
	at org.apache.cxf.jaxrs.client.ClientProxyImpl.doChainedInvocation(ClientProxyImpl.java:781)
	... 36 more
Caused by: java.net.ConnectException: Connection refused (Connection refused)
	at java.net.PlainSocketImpl.socketConnect(Native Method)
	at java.net.AbstractPlainSocketImpl.doConnect(AbstractPlainSocketImpl.java:350)
	at java.net.AbstractPlainSocketImpl.connectToAddress(AbstractPlainSocketImpl.java:206)
	at java.net.AbstractPlainSocketImpl.connect(AbstractPlainSocketImpl.java:188)
	at java.net.SocksSocketImpl.connect(SocksSocketImpl.java:392)
	at java.net.Socket.connect(Socket.java:589)
	at sun.net.NetworkClient.doConnect(NetworkClient.java:175)
	at sun.net.www.http.HttpClient.openServer(HttpClient.java:463)
	at sun.net.www.http.HttpClient.openServer(HttpClient.java:558)
	at sun.net.www.http.HttpClient.&lt;init&gt;(HttpClient.java:242)
	at sun.net.www.http.HttpClient.New(HttpClient.java:339)
	at sun.net.www.http.HttpClient.New(HttpClient.java:357)
	at sun.net.www.protocol.http.HttpURLConnection.getNewHttpClient(HttpURLConnection.java:1220)
	at sun.net.www.protocol.http.HttpURLConnection.plainConnect0(HttpURLConnection.java:1199)
	at sun.net.www.protocol.http.HttpURLConnection.plainConnect(HttpURLConnection.java:1050)
	at sun.net.www.protocol.http.HttpURLConnection.connect(HttpURLConnection.java:984)
	at sun.net.www.protocol.http.HttpURLConnection.getInputStream0(HttpURLConnection.java:1564)
	at sun.net.www.protocol.http.HttpURLConnection.getInputStream(HttpURLConnection.java:1492)
	at java.net.HttpURLConnection.getResponseCode(HttpURLConnection.java:480)
	at org.apache.cxf.transport.http.URLConnectionHTTPConduit$URLConnectionWrappedOutputStream$1.run(URLConnectionHTTPConduit.java:360)
	at org.apache.cxf.transport.http.URLConnectionHTTPConduit$URLConnectionWrappedOutputStream$1.run(URLConnectionHTTPConduit.java:357)
	at java.security.AccessController.doPrivileged(Native Method)
	at org.apache.cxf.transport.http.URLConnectionHTTPConduit$URLConnectionWrappedOutputStream.getResponseCode(URLConnectionHTTPConduit.java:357)
	at org.apache.cxf.transport.http.HTTPConduit$WrappedOutputStream.doProcessResponseCode(HTTPConduit.java:1589)
	at org.apache.cxf.transport.http.HTTPConduit$WrappedOutputStream.handleResponseInternal(HTTPConduit.java:1618)
	at org.apache.cxf.transport.http.HTTPConduit$WrappedOutputStream.handleResponse(HTTPConduit.java:1559)
	at org.apache.cxf.transport.http.HTTPConduit$WrappedOutputStream.close(HTTPConduit.java:1356)
	... 42 more
</failure>
    <system-out>12:49:05.468 [main] DEBUG org.apache.cxf.phase.PhaseInterceptorChain - Adding interceptor org.apache.cxf.interceptor.MessageSenderInterceptor@77fbd92c to phase prepare-send
12:49:05.469 [main] DEBUG org.apache.cxf.phase.PhaseInterceptorChain - Adding interceptor org.apache.cxf.interceptor.MessageSenderInterceptor@77fbd92c to phase prepare-send
12:49:05.469 [main] DEBUG org.apache.cxf.phase.PhaseInterceptorChain - Adding interceptor org.apache.cxf.jaxrs.client.spec.ClientRequestFilterInterceptor@4988d8b8 to phase pre-logical
12:49:05.470 [main] DEBUG org.apache.cxf.phase.PhaseInterceptorChain - Adding interceptor org.apache.cxf.jaxrs.client.ClientProxyImpl$BodyWriter@30c15d8b to phase write
12:49:05.470 [main] DEBUG org.apache.cxf.phase.PhaseInterceptorChain - Chain org.apache.cxf.phase.PhaseInterceptorChain@c0c2f8d was created. Current flow:
  pre-logical [ClientRequestFilterInterceptor]
  prepare-send [MessageSenderInterceptor]
  write [BodyWriter]

12:49:05.470 [main] DEBUG org.apache.cxf.phase.PhaseInterceptorChain - Invoking handleMessage on interceptor org.apache.cxf.jaxrs.client.spec.ClientRequestFilterInterceptor@4988d8b8
12:49:05.470 [main] DEBUG org.apache.cxf.phase.PhaseInterceptorChain - Invoking handleMessage on interceptor org.apache.cxf.interceptor.MessageSenderInterceptor@77fbd92c
12:49:05.471 [main] DEBUG org.apache.cxf.phase.PhaseInterceptorChain - Adding interceptor org.apache.cxf.interceptor.MessageSenderInterceptor$MessageSenderEndingInterceptor@b2c9a9c to phase prepare-send-ending
12:49:05.471 [main] DEBUG org.apache.cxf.phase.PhaseInterceptorChain - Chain org.apache.cxf.phase.PhaseInterceptorChain@c0c2f8d was modified. Current flow:
  pre-logical [ClientRequestFilterInterceptor]
  prepare-send [MessageSenderInterceptor]
  write [BodyWriter]
  prepare-send-ending [MessageSenderEndingInterceptor]

12:49:05.471 [main] DEBUG org.apache.cxf.phase.PhaseInterceptorChain - Invoking handleMessage on interceptor org.apache.cxf.jaxrs.client.ClientProxyImpl$BodyWriter@30c15d8b
12:49:05.471 [main] DEBUG org.apache.cxf.phase.PhaseInterceptorChain - Invoking handleMessage on interceptor org.apache.cxf.interceptor.MessageSenderInterceptor$MessageSenderEndingInterceptor@b2c9a9c
12:49:05.471 [main] DEBUG org.apache.cxf.transport.http.Headers - Content-Type: application/json
12:49:05.471 [main] DEBUG org.apache.cxf.transport.http.Headers - Accept: application/json
12:49:05.471 [main] DEBUG org.apache.cxf.transport.http.HTTPConduit - No Trust Decider for Conduit &apos;{http://api.qa.qapitol.com/}Employees.http-conduit&apos;. An affirmative Trust Decision is assumed.
12:49:05.472 [main] DEBUG org.apache.cxf.phase.PhaseInterceptorChain - Invoking handleFault on interceptor org.apache.cxf.interceptor.MessageSenderInterceptor$MessageSenderEndingInterceptor@b2c9a9c
12:49:05.472 [main] DEBUG org.apache.cxf.phase.PhaseInterceptorChain - Invoking handleFault on interceptor org.apache.cxf.jaxrs.client.ClientProxyImpl$BodyWriter@30c15d8b
12:49:05.472 [main] DEBUG org.apache.cxf.phase.PhaseInterceptorChain - Invoking handleFault on interceptor org.apache.cxf.interceptor.MessageSenderInterceptor@77fbd92c
12:49:05.472 [main] DEBUG org.apache.cxf.phase.PhaseInterceptorChain - Invoking handleFault on interceptor org.apache.cxf.jaxrs.client.spec.ClientRequestFilterInterceptor@4988d8b8
12:49:05.472 [main] WARN org.apache.cxf.phase.PhaseInterceptorChain - Interceptor for {http://api.qa.qapitol.com/}Employees has thrown exception, unwinding now
org.apache.cxf.interceptor.Fault: Could not send Message.
	at org.apache.cxf.interceptor.MessageSenderInterceptor$MessageSenderEndingInterceptor.handleMessage(MessageSenderInterceptor.java:64)
	at org.apache.cxf.phase.PhaseInterceptorChain.doIntercept(PhaseInterceptorChain.java:307)
	at org.apache.cxf.jaxrs.client.AbstractClient.doRunInterceptorChain(AbstractClient.java:675)
	at org.apache.cxf.jaxrs.client.ClientProxyImpl.doChainedInvocation(ClientProxyImpl.java:781)
	at org.apache.cxf.jaxrs.client.ClientProxyImpl.invoke(ClientProxyImpl.java:230)
	at com.sun.proxy.$Proxy18.getAllEmployees(Unknown Source)
	at com.qapitol.qa.test.TestDemoTest.testGetAll(TestDemoTest.java:38)
	at sun.reflect.NativeMethodAccessorImpl.invoke0(Native Method)
	at sun.reflect.NativeMethodAccessorImpl.invoke(NativeMethodAccessorImpl.java:62)
	at sun.reflect.DelegatingMethodAccessorImpl.invoke(DelegatingMethodAccessorImpl.java:43)
	at java.lang.reflect.Method.invoke(Method.java:498)
	at org.testng.internal.MethodInvocationHelper.invokeMethod(MethodInvocationHelper.java:86)
	at org.testng.internal.Invoker.invokeMethod(Invoker.java:643)
	at org.testng.internal.Invoker.invokeTestMethod(Invoker.java:820)
	at org.testng.internal.Invoker.invokeTestMethods(Invoker.java:1128)
	at org.testng.internal.TestMethodWorker.invokeTestMethods(TestMethodWorker.java:129)
	at org.testng.internal.TestMethodWorker.run(TestMethodWorker.java:112)
	at org.testng.TestRunner.privateRun(TestRunner.java:782)
	at org.testng.TestRunner.run(TestRunner.java:632)
	at org.testng.SuiteRunner.runTest(SuiteRunner.java:366)
	at org.testng.SuiteRunner.runSequentially(SuiteRunner.java:361)
	at org.testng.SuiteRunner.privateRun(SuiteRunner.java:319)
	at org.testng.SuiteRunner.run(SuiteRunner.java:268)
	at org.testng.SuiteRunnerWorker.runSuite(SuiteRunnerWorker.java:52)
	at org.testng.SuiteRunnerWorker.run(SuiteRunnerWorker.java:86)
	at org.testng.TestNG.runSuitesSequentially(TestNG.java:1244)
	at org.testng.TestNG.runSuitesLocally(TestNG.java:1169)
	at org.testng.TestNG.run(TestNG.java:1064)
	at org.apache.maven.surefire.testng.TestNGExecutor.run(TestNGExecutor.java:77)
	at org.apache.maven.surefire.testng.TestNGDirectoryTestSuite.execute(TestNGDirectoryTestSuite.java:110)
	at org.apache.maven.surefire.testng.TestNGProvider.invoke(TestNGProvider.java:106)
	at sun.reflect.NativeMethodAccessorImpl.invoke0(Native Method)
	at sun.reflect.NativeMethodAccessorImpl.invoke(NativeMethodAccessorImpl.java:62)
	at sun.reflect.DelegatingMethodAccessorImpl.invoke(DelegatingMethodAccessorImpl.java:43)
	at java.lang.reflect.Method.invoke(Method.java:498)
	at org.apache.maven.surefire.util.ReflectionUtils.invokeMethodWithArray(ReflectionUtils.java:189)
	at org.apache.maven.surefire.booter.ProviderFactory$ProviderProxy.invoke(ProviderFactory.java:165)
	at org.apache.maven.surefire.booter.ProviderFactory.invokeProvider(ProviderFactory.java:85)
	at org.apache.maven.surefire.booter.ForkedBooter.runSuitesInProcess(ForkedBooter.java:115)
	at org.apache.maven.surefire.booter.ForkedBooter.main(ForkedBooter.java:75)
Caused by: java.net.ConnectException: ConnectException invoking http://localhost:3000/employees/: Connection refused (Connection refused)
	at sun.reflect.NativeConstructorAccessorImpl.newInstance0(Native Method)
	at sun.reflect.NativeConstructorAccessorImpl.newInstance(NativeConstructorAccessorImpl.java:62)
	at sun.reflect.DelegatingConstructorAccessorImpl.newInstance(DelegatingConstructorAccessorImpl.java:45)
	at java.lang.reflect.Constructor.newInstance(Constructor.java:423)
	at org.apache.cxf.transport.http.HTTPConduit$WrappedOutputStream.mapException(HTTPConduit.java:1385)
	at org.apache.cxf.transport.http.HTTPConduit$WrappedOutputStream.close(HTTPConduit.java:1369)
	at org.apache.cxf.transport.AbstractConduit.close(AbstractConduit.java:56)
	at org.apache.cxf.transport.http.HTTPConduit.close(HTTPConduit.java:653)
	at org.apache.cxf.interceptor.MessageSenderInterceptor$MessageSenderEndingInterceptor.handleMessage(MessageSenderInterceptor.java:62)
	... 39 common frames omitted
Caused by: java.net.ConnectException: Connection refused (Connection refused)
	at java.net.PlainSocketImpl.socketConnect(Native Method)
	at java.net.AbstractPlainSocketImpl.doConnect(AbstractPlainSocketImpl.java:350)
	at java.net.AbstractPlainSocketImpl.connectToAddress(AbstractPlainSocketImpl.java:206)
	at java.net.AbstractPlainSocketImpl.connect(AbstractPlainSocketImpl.java:188)
	at java.net.SocksSocketImpl.connect(SocksSocketImpl.java:392)
	at java.net.Socket.connect(Socket.java:589)
	at sun.net.NetworkClient.doConnect(NetworkClient.java:175)
	at sun.net.www.http.HttpClient.openServer(HttpClient.java:463)
	at sun.net.www.http.HttpClient.openServer(HttpClient.java:558)
	at sun.net.www.http.HttpClient.&lt;init&gt;(HttpClient.java:242)
	at sun.net.www.http.HttpClient.New(HttpClient.java:339)
	at sun.net.www.http.HttpClient.New(HttpClient.java:357)
	at sun.net.www.protocol.http.HttpURLConnection.getNewHttpClient(HttpURLConnection.java:1220)
	at sun.net.www.protocol.http.HttpURLConnection.plainConnect0(HttpURLConnection.java:1199)
	at sun.net.www.protocol.http.HttpURLConnection.plainConnect(HttpURLConnection.java:1050)
	at sun.net.www.protocol.http.HttpURLConnection.connect(HttpURLConnection.java:984)
	at sun.net.www.protocol.http.HttpURLConnection.getInputStream0(HttpURLConnection.java:1564)
	at sun.net.www.protocol.http.HttpURLConnection.getInputStream(HttpURLConnection.java:1492)
	at java.net.HttpURLConnection.getResponseCode(HttpURLConnection.java:480)
	at org.apache.cxf.transport.http.URLConnectionHTTPConduit$URLConnectionWrappedOutputStream$1.run(URLConnectionHTTPConduit.java:360)
	at org.apache.cxf.transport.http.URLConnectionHTTPConduit$URLConnectionWrappedOutputStream$1.run(URLConnectionHTTPConduit.java:357)
	at java.security.AccessController.doPrivileged(Native Method)
	at org.apache.cxf.transport.http.URLConnectionHTTPConduit$URLConnectionWrappedOutputStream.getResponseCode(URLConnectionHTTPConduit.java:357)
	at org.apache.cxf.transport.http.HTTPConduit$WrappedOutputStream.doProcessResponseCode(HTTPConduit.java:1589)
	at org.apache.cxf.transport.http.HTTPConduit$WrappedOutputStream.handleResponseInternal(HTTPConduit.java:1618)
	at org.apache.cxf.transport.http.HTTPConduit$WrappedOutputStream.handleResponse(HTTPConduit.java:1559)
	at org.apache.cxf.transport.http.HTTPConduit$WrappedOutputStream.close(HTTPConduit.java:1356)
	... 42 common frames omitted
12:49:05.473 [main] DEBUG org.apache.cxf.phase.PhaseInterceptorChain - Adding interceptor org.apache.cxf.jaxrs.client.AbstractClient$ConnectionFaultInterceptor@305b7c14 to phase pre-stream
12:49:05.473 [main] DEBUG org.apache.cxf.phase.PhaseInterceptorChain - Chain org.apache.cxf.phase.PhaseInterceptorChain@6913c1fb was created. Current flow:
  pre-stream [ConnectionFaultInterceptor]

12:49:05.473 [main] DEBUG org.apache.cxf.phase.PhaseInterceptorChain - Invoking handleMessage on interceptor org.apache.cxf.jaxrs.client.AbstractClient$ConnectionFaultInterceptor@305b7c14
</system-out>
  </testcase>
  <testcase classname="com.qapitol.qa.test.TestDemoTest" name="testGetEmployee" time="0.007">
    <failure message="java.net.ConnectException: ConnectException invoking http://localhost:3000/employees/10: Connection refused (Connection refused)" type="javax.ws.rs.ProcessingException">javax.ws.rs.ProcessingException: java.net.ConnectException: ConnectException invoking http://localhost:3000/employees/10: Connection refused (Connection refused)
	at org.apache.cxf.jaxrs.client.AbstractClient.checkClientException(AbstractClient.java:602)
	at org.apache.cxf.jaxrs.client.AbstractClient.preProcessResult(AbstractClient.java:578)
	at org.apache.cxf.jaxrs.client.ClientProxyImpl.doChainedInvocation(ClientProxyImpl.java:783)
	at org.apache.cxf.jaxrs.client.ClientProxyImpl.invoke(ClientProxyImpl.java:230)
	at com.sun.proxy.$Proxy18.getEmployee(Unknown Source)
	at com.qapitol.qa.test.TestDemoTest.testGetEmployee(TestDemoTest.java:54)
Caused by: java.net.ConnectException: ConnectException invoking http://localhost:3000/employees/10: Connection refused (Connection refused)
	at sun.reflect.NativeConstructorAccessorImpl.newInstance0(Native Method)
	at sun.reflect.NativeConstructorAccessorImpl.newInstance(NativeConstructorAccessorImpl.java:62)
	at sun.reflect.DelegatingConstructorAccessorImpl.newInstance(DelegatingConstructorAccessorImpl.java:45)
	at java.lang.reflect.Constructor.newInstance(Constructor.java:423)
	at org.apache.cxf.transport.http.HTTPConduit$WrappedOutputStream.mapException(HTTPConduit.java:1385)
	at org.apache.cxf.transport.http.HTTPConduit$WrappedOutputStream.close(HTTPConduit.java:1369)
	at org.apache.cxf.transport.AbstractConduit.close(AbstractConduit.java:56)
	at org.apache.cxf.transport.http.HTTPConduit.close(HTTPConduit.java:653)
	at org.apache.cxf.interceptor.MessageSenderInterceptor$MessageSenderEndingInterceptor.handleMessage(MessageSenderInterceptor.java:62)
	at org.apache.cxf.phase.PhaseInterceptorChain.doIntercept(PhaseInterceptorChain.java:307)
	at org.apache.cxf.jaxrs.client.AbstractClient.doRunInterceptorChain(AbstractClient.java:675)
	at org.apache.cxf.jaxrs.client.ClientProxyImpl.doChainedInvocation(ClientProxyImpl.java:781)
	... 36 more
Caused by: java.net.ConnectException: Connection refused (Connection refused)
	at java.net.PlainSocketImpl.socketConnect(Native Method)
	at java.net.AbstractPlainSocketImpl.doConnect(AbstractPlainSocketImpl.java:350)
	at java.net.AbstractPlainSocketImpl.connectToAddress(AbstractPlainSocketImpl.java:206)
	at java.net.AbstractPlainSocketImpl.connect(AbstractPlainSocketImpl.java:188)
	at java.net.SocksSocketImpl.connect(SocksSocketImpl.java:392)
	at java.net.Socket.connect(Socket.java:589)
	at sun.net.NetworkClient.doConnect(NetworkClient.java:175)
	at sun.net.www.http.HttpClient.openServer(HttpClient.java:463)
	at sun.net.www.http.HttpClient.openServer(HttpClient.java:558)
	at sun.net.www.http.HttpClient.&lt;init&gt;(HttpClient.java:242)
	at sun.net.www.http.HttpClient.New(HttpClient.java:339)
	at sun.net.www.http.HttpClient.New(HttpClient.java:357)
	at sun.net.www.protocol.http.HttpURLConnection.getNewHttpClient(HttpURLConnection.java:1220)
	at sun.net.www.protocol.http.HttpURLConnection.plainConnect0(HttpURLConnection.java:1199)
	at sun.net.www.protocol.http.HttpURLConnection.plainConnect(HttpURLConnection.java:1050)
	at sun.net.www.protocol.http.HttpURLConnection.connect(HttpURLConnection.java:984)
	at sun.net.www.protocol.http.HttpURLConnection.getInputStream0(HttpURLConnection.java:1564)
	at sun.net.www.protocol.http.HttpURLConnection.getInputStream(HttpURLConnection.java:1492)
	at java.net.HttpURLConnection.getResponseCode(HttpURLConnection.java:480)
	at org.apache.cxf.transport.http.URLConnectionHTTPConduit$URLConnectionWrappedOutputStream$1.run(URLConnectionHTTPConduit.java:360)
	at org.apache.cxf.transport.http.URLConnectionHTTPConduit$URLConnectionWrappedOutputStream$1.run(URLConnectionHTTPConduit.java:357)
	at java.security.AccessController.doPrivileged(Native Method)
	at org.apache.cxf.transport.http.URLConnectionHTTPConduit$URLConnectionWrappedOutputStream.getResponseCode(URLConnectionHTTPConduit.java:357)
	at org.apache.cxf.transport.http.HTTPConduit$WrappedOutputStream.doProcessResponseCode(HTTPConduit.java:1589)
	at org.apache.cxf.transport.http.HTTPConduit$WrappedOutputStream.handleResponseInternal(HTTPConduit.java:1618)
	at org.apache.cxf.transport.http.HTTPConduit$WrappedOutputStream.handleResponse(HTTPConduit.java:1559)
	at org.apache.cxf.transport.http.HTTPConduit$WrappedOutputStream.close(HTTPConduit.java:1356)
	... 42 more
</failure>
    <system-out>12:49:05.476 [main] DEBUG org.apache.cxf.phase.PhaseInterceptorChain - Adding interceptor org.apache.cxf.interceptor.MessageSenderInterceptor@77fbd92c to phase prepare-send
12:49:05.476 [main] DEBUG org.apache.cxf.phase.PhaseInterceptorChain - Adding interceptor org.apache.cxf.interceptor.MessageSenderInterceptor@77fbd92c to phase prepare-send
12:49:05.476 [main] DEBUG org.apache.cxf.phase.PhaseInterceptorChain - Adding interceptor org.apache.cxf.jaxrs.client.spec.ClientRequestFilterInterceptor@7d8704ef to phase pre-logical
12:49:05.476 [main] DEBUG org.apache.cxf.phase.PhaseInterceptorChain - Adding interceptor org.apache.cxf.jaxrs.client.ClientProxyImpl$BodyWriter@30c15d8b to phase write
12:49:05.477 [main] DEBUG org.apache.cxf.phase.PhaseInterceptorChain - Chain org.apache.cxf.phase.PhaseInterceptorChain@13b6aecc was created. Current flow:
  pre-logical [ClientRequestFilterInterceptor]
  prepare-send [MessageSenderInterceptor]
  write [BodyWriter]

12:49:05.477 [main] DEBUG org.apache.cxf.phase.PhaseInterceptorChain - Invoking handleMessage on interceptor org.apache.cxf.jaxrs.client.spec.ClientRequestFilterInterceptor@7d8704ef
12:49:05.477 [main] DEBUG org.apache.cxf.phase.PhaseInterceptorChain - Invoking handleMessage on interceptor org.apache.cxf.interceptor.MessageSenderInterceptor@77fbd92c
12:49:05.477 [main] DEBUG org.apache.cxf.phase.PhaseInterceptorChain - Adding interceptor org.apache.cxf.interceptor.MessageSenderInterceptor$MessageSenderEndingInterceptor@b2c9a9c to phase prepare-send-ending
12:49:05.477 [main] DEBUG org.apache.cxf.phase.PhaseInterceptorChain - Chain org.apache.cxf.phase.PhaseInterceptorChain@13b6aecc was modified. Current flow:
  pre-logical [ClientRequestFilterInterceptor]
  prepare-send [MessageSenderInterceptor]
  write [BodyWriter]
  prepare-send-ending [MessageSenderEndingInterceptor]

12:49:05.477 [main] DEBUG org.apache.cxf.phase.PhaseInterceptorChain - Invoking handleMessage on interceptor org.apache.cxf.jaxrs.client.ClientProxyImpl$BodyWriter@30c15d8b
12:49:05.477 [main] DEBUG org.apache.cxf.phase.PhaseInterceptorChain - Invoking handleMessage on interceptor org.apache.cxf.interceptor.MessageSenderInterceptor$MessageSenderEndingInterceptor@b2c9a9c
12:49:05.477 [main] DEBUG org.apache.cxf.transport.http.Headers - Content-Type: application/json
12:49:05.477 [main] DEBUG org.apache.cxf.transport.http.Headers - Accept: application/json
12:49:05.478 [main] DEBUG org.apache.cxf.transport.http.HTTPConduit - No Trust Decider for Conduit &apos;{http://api.qa.qapitol.com/}Employees.http-conduit&apos;. An affirmative Trust Decision is assumed.
12:49:05.478 [main] DEBUG org.apache.cxf.phase.PhaseInterceptorChain - Invoking handleFault on interceptor org.apache.cxf.interceptor.MessageSenderInterceptor$MessageSenderEndingInterceptor@b2c9a9c
12:49:05.478 [main] DEBUG org.apache.cxf.phase.PhaseInterceptorChain - Invoking handleFault on interceptor org.apache.cxf.jaxrs.client.ClientProxyImpl$BodyWriter@30c15d8b
12:49:05.478 [main] DEBUG org.apache.cxf.phase.PhaseInterceptorChain - Invoking handleFault on interceptor org.apache.cxf.interceptor.MessageSenderInterceptor@77fbd92c
12:49:05.478 [main] DEBUG org.apache.cxf.phase.PhaseInterceptorChain - Invoking handleFault on interceptor org.apache.cxf.jaxrs.client.spec.ClientRequestFilterInterceptor@7d8704ef
12:49:05.479 [main] WARN org.apache.cxf.phase.PhaseInterceptorChain - Interceptor for {http://api.qa.qapitol.com/}Employees has thrown exception, unwinding now
org.apache.cxf.interceptor.Fault: Could not send Message.
	at org.apache.cxf.interceptor.MessageSenderInterceptor$MessageSenderEndingInterceptor.handleMessage(MessageSenderInterceptor.java:64)
	at org.apache.cxf.phase.PhaseInterceptorChain.doIntercept(PhaseInterceptorChain.java:307)
	at org.apache.cxf.jaxrs.client.AbstractClient.doRunInterceptorChain(AbstractClient.java:675)
	at org.apache.cxf.jaxrs.client.ClientProxyImpl.doChainedInvocation(ClientProxyImpl.java:781)
	at org.apache.cxf.jaxrs.client.ClientProxyImpl.invoke(ClientProxyImpl.java:230)
	at com.sun.proxy.$Proxy18.getEmployee(Unknown Source)
	at com.qapitol.qa.test.TestDemoTest.testGetEmployee(TestDemoTest.java:54)
	at sun.reflect.NativeMethodAccessorImpl.invoke0(Native Method)
	at sun.reflect.NativeMethodAccessorImpl.invoke(NativeMethodAccessorImpl.java:62)
	at sun.reflect.DelegatingMethodAccessorImpl.invoke(DelegatingMethodAccessorImpl.java:43)
	at java.lang.reflect.Method.invoke(Method.java:498)
	at org.testng.internal.MethodInvocationHelper.invokeMethod(MethodInvocationHelper.java:86)
	at org.testng.internal.Invoker.invokeMethod(Invoker.java:643)
	at org.testng.internal.Invoker.invokeTestMethod(Invoker.java:820)
	at org.testng.internal.Invoker.invokeTestMethods(Invoker.java:1128)
	at org.testng.internal.TestMethodWorker.invokeTestMethods(TestMethodWorker.java:129)
	at org.testng.internal.TestMethodWorker.run(TestMethodWorker.java:112)
	at org.testng.TestRunner.privateRun(TestRunner.java:782)
	at org.testng.TestRunner.run(TestRunner.java:632)
	at org.testng.SuiteRunner.runTest(SuiteRunner.java:366)
	at org.testng.SuiteRunner.runSequentially(SuiteRunner.java:361)
	at org.testng.SuiteRunner.privateRun(SuiteRunner.java:319)
	at org.testng.SuiteRunner.run(SuiteRunner.java:268)
	at org.testng.SuiteRunnerWorker.runSuite(SuiteRunnerWorker.java:52)
	at org.testng.SuiteRunnerWorker.run(SuiteRunnerWorker.java:86)
	at org.testng.TestNG.runSuitesSequentially(TestNG.java:1244)
	at org.testng.TestNG.runSuitesLocally(TestNG.java:1169)
	at org.testng.TestNG.run(TestNG.java:1064)
	at org.apache.maven.surefire.testng.TestNGExecutor.run(TestNGExecutor.java:77)
	at org.apache.maven.surefire.testng.TestNGDirectoryTestSuite.execute(TestNGDirectoryTestSuite.java:110)
	at org.apache.maven.surefire.testng.TestNGProvider.invoke(TestNGProvider.java:106)
	at sun.reflect.NativeMethodAccessorImpl.invoke0(Native Method)
	at sun.reflect.NativeMethodAccessorImpl.invoke(NativeMethodAccessorImpl.java:62)
	at sun.reflect.DelegatingMethodAccessorImpl.invoke(DelegatingMethodAccessorImpl.java:43)
	at java.lang.reflect.Method.invoke(Method.java:498)
	at org.apache.maven.surefire.util.ReflectionUtils.invokeMethodWithArray(ReflectionUtils.java:189)
	at org.apache.maven.surefire.booter.ProviderFactory$ProviderProxy.invoke(ProviderFactory.java:165)
	at org.apache.maven.surefire.booter.ProviderFactory.invokeProvider(ProviderFactory.java:85)
	at org.apache.maven.surefire.booter.ForkedBooter.runSuitesInProcess(ForkedBooter.java:115)
	at org.apache.maven.surefire.booter.ForkedBooter.main(ForkedBooter.java:75)
Caused by: java.net.ConnectException: ConnectException invoking http://localhost:3000/employees/10: Connection refused (Connection refused)
	at sun.reflect.NativeConstructorAccessorImpl.newInstance0(Native Method)
	at sun.reflect.NativeConstructorAccessorImpl.newInstance(NativeConstructorAccessorImpl.java:62)
	at sun.reflect.DelegatingConstructorAccessorImpl.newInstance(DelegatingConstructorAccessorImpl.java:45)
	at java.lang.reflect.Constructor.newInstance(Constructor.java:423)
	at org.apache.cxf.transport.http.HTTPConduit$WrappedOutputStream.mapException(HTTPConduit.java:1385)
	at org.apache.cxf.transport.http.HTTPConduit$WrappedOutputStream.close(HTTPConduit.java:1369)
	at org.apache.cxf.transport.AbstractConduit.close(AbstractConduit.java:56)
	at org.apache.cxf.transport.http.HTTPConduit.close(HTTPConduit.java:653)
	at org.apache.cxf.interceptor.MessageSenderInterceptor$MessageSenderEndingInterceptor.handleMessage(MessageSenderInterceptor.java:62)
	... 39 common frames omitted
Caused by: java.net.ConnectException: Connection refused (Connection refused)
	at java.net.PlainSocketImpl.socketConnect(Native Method)
	at java.net.AbstractPlainSocketImpl.doConnect(AbstractPlainSocketImpl.java:350)
	at java.net.AbstractPlainSocketImpl.connectToAddress(AbstractPlainSocketImpl.java:206)
	at java.net.AbstractPlainSocketImpl.connect(AbstractPlainSocketImpl.java:188)
	at java.net.SocksSocketImpl.connect(SocksSocketImpl.java:392)
	at java.net.Socket.connect(Socket.java:589)
	at sun.net.NetworkClient.doConnect(NetworkClient.java:175)
	at sun.net.www.http.HttpClient.openServer(HttpClient.java:463)
	at sun.net.www.http.HttpClient.openServer(HttpClient.java:558)
	at sun.net.www.http.HttpClient.&lt;init&gt;(HttpClient.java:242)
	at sun.net.www.http.HttpClient.New(HttpClient.java:339)
	at sun.net.www.http.HttpClient.New(HttpClient.java:357)
	at sun.net.www.protocol.http.HttpURLConnection.getNewHttpClient(HttpURLConnection.java:1220)
	at sun.net.www.protocol.http.HttpURLConnection.plainConnect0(HttpURLConnection.java:1199)
	at sun.net.www.protocol.http.HttpURLConnection.plainConnect(HttpURLConnection.java:1050)
	at sun.net.www.protocol.http.HttpURLConnection.connect(HttpURLConnection.java:984)
	at sun.net.www.protocol.http.HttpURLConnection.getInputStream0(HttpURLConnection.java:1564)
	at sun.net.www.protocol.http.HttpURLConnection.getInputStream(HttpURLConnection.java:1492)
	at java.net.HttpURLConnection.getResponseCode(HttpURLConnection.java:480)
	at org.apache.cxf.transport.http.URLConnectionHTTPConduit$URLConnectionWrappedOutputStream$1.run(URLConnectionHTTPConduit.java:360)
	at org.apache.cxf.transport.http.URLConnectionHTTPConduit$URLConnectionWrappedOutputStream$1.run(URLConnectionHTTPConduit.java:357)
	at java.security.AccessController.doPrivileged(Native Method)
	at org.apache.cxf.transport.http.URLConnectionHTTPConduit$URLConnectionWrappedOutputStream.getResponseCode(URLConnectionHTTPConduit.java:357)
	at org.apache.cxf.transport.http.HTTPConduit$WrappedOutputStream.doProcessResponseCode(HTTPConduit.java:1589)
	at org.apache.cxf.transport.http.HTTPConduit$WrappedOutputStream.handleResponseInternal(HTTPConduit.java:1618)
	at org.apache.cxf.transport.http.HTTPConduit$WrappedOutputStream.handleResponse(HTTPConduit.java:1559)
	at org.apache.cxf.transport.http.HTTPConduit$WrappedOutputStream.close(HTTPConduit.java:1356)
	... 42 common frames omitted
12:49:05.479 [main] DEBUG org.apache.cxf.phase.PhaseInterceptorChain - Adding interceptor org.apache.cxf.jaxrs.client.AbstractClient$ConnectionFaultInterceptor@158a8276 to phase pre-stream
12:49:05.480 [main] DEBUG org.apache.cxf.phase.PhaseInterceptorChain - Chain org.apache.cxf.phase.PhaseInterceptorChain@3c3d9b6b was created. Current flow:
  pre-stream [ConnectionFaultInterceptor]

12:49:05.480 [main] DEBUG org.apache.cxf.phase.PhaseInterceptorChain - Invoking handleMessage on interceptor org.apache.cxf.jaxrs.client.AbstractClient$ConnectionFaultInterceptor@158a8276
</system-out>
  </testcase>
  <testcase classname="com.qapitol.qa.test.TestDemoTest" name="testSavePost" time="0.149">
    <failure message="java.net.ConnectException: ConnectException invoking http://localhost:3000/employees/: Connection refused (Connection refused)" type="javax.ws.rs.ProcessingException">javax.ws.rs.ProcessingException: java.net.ConnectException: ConnectException invoking http://localhost:3000/employees/: Connection refused (Connection refused)
	at org.apache.cxf.jaxrs.client.AbstractClient.checkClientException(AbstractClient.java:602)
	at org.apache.cxf.jaxrs.client.AbstractClient.preProcessResult(AbstractClient.java:578)
	at org.apache.cxf.jaxrs.client.ClientProxyImpl.doChainedInvocation(ClientProxyImpl.java:783)
	at org.apache.cxf.jaxrs.client.ClientProxyImpl.invoke(ClientProxyImpl.java:230)
	at com.sun.proxy.$Proxy18.saveEmployee(Unknown Source)
	at com.qapitol.qa.test.TestDemoTest.testSavePost(TestDemoTest.java:48)
Caused by: java.net.ConnectException: ConnectException invoking http://localhost:3000/employees/: Connection refused (Connection refused)
	at sun.reflect.NativeConstructorAccessorImpl.newInstance0(Native Method)
	at sun.reflect.NativeConstructorAccessorImpl.newInstance(NativeConstructorAccessorImpl.java:62)
	at sun.reflect.DelegatingConstructorAccessorImpl.newInstance(DelegatingConstructorAccessorImpl.java:45)
	at java.lang.reflect.Constructor.newInstance(Constructor.java:423)
	at org.apache.cxf.transport.http.HTTPConduit$WrappedOutputStream.mapException(HTTPConduit.java:1385)
	at org.apache.cxf.transport.http.HTTPConduit$WrappedOutputStream.close(HTTPConduit.java:1369)
	at org.apache.cxf.transport.AbstractConduit.close(AbstractConduit.java:56)
	at org.apache.cxf.transport.http.HTTPConduit.close(HTTPConduit.java:653)
	at org.apache.cxf.interceptor.MessageSenderInterceptor$MessageSenderEndingInterceptor.handleMessage(MessageSenderInterceptor.java:62)
	at org.apache.cxf.phase.PhaseInterceptorChain.doIntercept(PhaseInterceptorChain.java:307)
	at org.apache.cxf.jaxrs.client.AbstractClient.doRunInterceptorChain(AbstractClient.java:675)
	at org.apache.cxf.jaxrs.client.ClientProxyImpl.doChainedInvocation(ClientProxyImpl.java:781)
	... 36 more
Caused by: java.net.ConnectException: Connection refused (Connection refused)
	at java.net.PlainSocketImpl.socketConnect(Native Method)
	at java.net.AbstractPlainSocketImpl.doConnect(AbstractPlainSocketImpl.java:350)
	at java.net.AbstractPlainSocketImpl.connectToAddress(AbstractPlainSocketImpl.java:206)
	at java.net.AbstractPlainSocketImpl.connect(AbstractPlainSocketImpl.java:188)
	at java.net.SocksSocketImpl.connect(SocksSocketImpl.java:392)
	at java.net.Socket.connect(Socket.java:589)
	at sun.net.NetworkClient.doConnect(NetworkClient.java:175)
	at sun.net.www.http.HttpClient.openServer(HttpClient.java:463)
	at sun.net.www.http.HttpClient.openServer(HttpClient.java:558)
	at sun.net.www.http.HttpClient.&lt;init&gt;(HttpClient.java:242)
	at sun.net.www.http.HttpClient.New(HttpClient.java:339)
	at sun.net.www.http.HttpClient.New(HttpClient.java:357)
	at sun.net.www.protocol.http.HttpURLConnection.getNewHttpClient(HttpURLConnection.java:1220)
	at sun.net.www.protocol.http.HttpURLConnection.plainConnect0(HttpURLConnection.java:1199)
	at sun.net.www.protocol.http.HttpURLConnection.plainConnect(HttpURLConnection.java:1050)
	at sun.net.www.protocol.http.HttpURLConnection.connect(HttpURLConnection.java:984)
	at sun.net.www.protocol.http.HttpURLConnection.getOutputStream0(HttpURLConnection.java:1334)
	at sun.net.www.protocol.http.HttpURLConnection.getOutputStream(HttpURLConnection.java:1309)
	at org.apache.cxf.transport.http.URLConnectionHTTPConduit$URLConnectionWrappedOutputStream.setupWrappedStream(URLConnectionHTTPConduit.java:260)
	at org.apache.cxf.transport.http.HTTPConduit$WrappedOutputStream.handleHeadersTrustCaching(HTTPConduit.java:1328)
	at org.apache.cxf.transport.http.HTTPConduit$WrappedOutputStream.onFirstWrite(HTTPConduit.java:1288)
	at org.apache.cxf.transport.http.URLConnectionHTTPConduit$URLConnectionWrappedOutputStream.onFirstWrite(URLConnectionHTTPConduit.java:291)
	at org.apache.cxf.io.AbstractWrappedOutputStream.write(AbstractWrappedOutputStream.java:47)
	at org.apache.cxf.io.AbstractThresholdOutputStream.write(AbstractThresholdOutputStream.java:69)
	at org.apache.cxf.transport.http.HTTPConduit$WrappedOutputStream.close(HTTPConduit.java:1341)
	... 42 more
</failure>
    <system-out>12:49:05.482 [main] DEBUG org.apache.cxf.phase.PhaseInterceptorChain - Adding interceptor org.apache.cxf.interceptor.MessageSenderInterceptor@77fbd92c to phase prepare-send
12:49:05.482 [main] DEBUG org.apache.cxf.phase.PhaseInterceptorChain - Adding interceptor org.apache.cxf.interceptor.MessageSenderInterceptor@77fbd92c to phase prepare-send
12:49:05.482 [main] DEBUG org.apache.cxf.phase.PhaseInterceptorChain - Adding interceptor org.apache.cxf.jaxrs.client.spec.ClientRequestFilterInterceptor@4961f6af to phase pre-logical
12:49:05.483 [main] DEBUG org.apache.cxf.phase.PhaseInterceptorChain - Adding interceptor org.apache.cxf.jaxrs.client.ClientProxyImpl$BodyWriter@30c15d8b to phase write
12:49:05.483 [main] DEBUG org.apache.cxf.phase.PhaseInterceptorChain - Chain org.apache.cxf.phase.PhaseInterceptorChain@5aebe890 was created. Current flow:
  pre-logical [ClientRequestFilterInterceptor]
  prepare-send [MessageSenderInterceptor]
  write [BodyWriter]

12:49:05.483 [main] DEBUG org.apache.cxf.phase.PhaseInterceptorChain - Invoking handleMessage on interceptor org.apache.cxf.jaxrs.client.spec.ClientRequestFilterInterceptor@4961f6af
12:49:05.483 [main] DEBUG org.apache.cxf.phase.PhaseInterceptorChain - Invoking handleMessage on interceptor org.apache.cxf.interceptor.MessageSenderInterceptor@77fbd92c
12:49:05.483 [main] DEBUG org.apache.cxf.phase.PhaseInterceptorChain - Adding interceptor org.apache.cxf.interceptor.MessageSenderInterceptor$MessageSenderEndingInterceptor@b2c9a9c to phase prepare-send-ending
12:49:05.483 [main] DEBUG org.apache.cxf.phase.PhaseInterceptorChain - Chain org.apache.cxf.phase.PhaseInterceptorChain@5aebe890 was modified. Current flow:
  pre-logical [ClientRequestFilterInterceptor]
  prepare-send [MessageSenderInterceptor]
  write [BodyWriter]
  prepare-send-ending [MessageSenderEndingInterceptor]

12:49:05.483 [main] DEBUG org.apache.cxf.phase.PhaseInterceptorChain - Invoking handleMessage on interceptor org.apache.cxf.jaxrs.client.ClientProxyImpl$BodyWriter@30c15d8b
12:49:05.627 [main] DEBUG org.apache.cxf.phase.PhaseInterceptorChain - Invoking handleMessage on interceptor org.apache.cxf.interceptor.MessageSenderInterceptor$MessageSenderEndingInterceptor@b2c9a9c
12:49:05.628 [main] DEBUG org.apache.cxf.transport.http.Headers - Content-Type: application/json
12:49:05.628 [main] DEBUG org.apache.cxf.transport.http.Headers - Accept: application/json
12:49:05.628 [main] DEBUG org.apache.cxf.transport.http.HTTPConduit - No Trust Decider for Conduit &apos;{http://api.qa.qapitol.com/}Employees.http-conduit&apos;. An affirmative Trust Decision is assumed.
12:49:05.628 [main] DEBUG org.apache.cxf.phase.PhaseInterceptorChain - Invoking handleFault on interceptor org.apache.cxf.interceptor.MessageSenderInterceptor$MessageSenderEndingInterceptor@b2c9a9c
12:49:05.628 [main] DEBUG org.apache.cxf.phase.PhaseInterceptorChain - Invoking handleFault on interceptor org.apache.cxf.jaxrs.client.ClientProxyImpl$BodyWriter@30c15d8b
12:49:05.628 [main] DEBUG org.apache.cxf.phase.PhaseInterceptorChain - Invoking handleFault on interceptor org.apache.cxf.interceptor.MessageSenderInterceptor@77fbd92c
12:49:05.628 [main] DEBUG org.apache.cxf.phase.PhaseInterceptorChain - Invoking handleFault on interceptor org.apache.cxf.jaxrs.client.spec.ClientRequestFilterInterceptor@4961f6af
12:49:05.629 [main] WARN org.apache.cxf.phase.PhaseInterceptorChain - Interceptor for {http://api.qa.qapitol.com/}Employees has thrown exception, unwinding now
org.apache.cxf.interceptor.Fault: Could not send Message.
	at org.apache.cxf.interceptor.MessageSenderInterceptor$MessageSenderEndingInterceptor.handleMessage(MessageSenderInterceptor.java:64)
	at org.apache.cxf.phase.PhaseInterceptorChain.doIntercept(PhaseInterceptorChain.java:307)
	at org.apache.cxf.jaxrs.client.AbstractClient.doRunInterceptorChain(AbstractClient.java:675)
	at org.apache.cxf.jaxrs.client.ClientProxyImpl.doChainedInvocation(ClientProxyImpl.java:781)
	at org.apache.cxf.jaxrs.client.ClientProxyImpl.invoke(ClientProxyImpl.java:230)
	at com.sun.proxy.$Proxy18.saveEmployee(Unknown Source)
	at com.qapitol.qa.test.TestDemoTest.testSavePost(TestDemoTest.java:48)
	at sun.reflect.NativeMethodAccessorImpl.invoke0(Native Method)
	at sun.reflect.NativeMethodAccessorImpl.invoke(NativeMethodAccessorImpl.java:62)
	at sun.reflect.DelegatingMethodAccessorImpl.invoke(DelegatingMethodAccessorImpl.java:43)
	at java.lang.reflect.Method.invoke(Method.java:498)
	at org.testng.internal.MethodInvocationHelper.invokeMethod(MethodInvocationHelper.java:86)
	at org.testng.internal.Invoker.invokeMethod(Invoker.java:643)
	at org.testng.internal.Invoker.invokeTestMethod(Invoker.java:820)
	at org.testng.internal.Invoker.invokeTestMethods(Invoker.java:1128)
	at org.testng.internal.TestMethodWorker.invokeTestMethods(TestMethodWorker.java:129)
	at org.testng.internal.TestMethodWorker.run(TestMethodWorker.java:112)
	at org.testng.TestRunner.privateRun(TestRunner.java:782)
	at org.testng.TestRunner.run(TestRunner.java:632)
	at org.testng.SuiteRunner.runTest(SuiteRunner.java:366)
	at org.testng.SuiteRunner.runSequentially(SuiteRunner.java:361)
	at org.testng.SuiteRunner.privateRun(SuiteRunner.java:319)
	at org.testng.SuiteRunner.run(SuiteRunner.java:268)
	at org.testng.SuiteRunnerWorker.runSuite(SuiteRunnerWorker.java:52)
	at org.testng.SuiteRunnerWorker.run(SuiteRunnerWorker.java:86)
	at org.testng.TestNG.runSuitesSequentially(TestNG.java:1244)
	at org.testng.TestNG.runSuitesLocally(TestNG.java:1169)
	at org.testng.TestNG.run(TestNG.java:1064)
	at org.apache.maven.surefire.testng.TestNGExecutor.run(TestNGExecutor.java:77)
	at org.apache.maven.surefire.testng.TestNGDirectoryTestSuite.execute(TestNGDirectoryTestSuite.java:110)
	at org.apache.maven.surefire.testng.TestNGProvider.invoke(TestNGProvider.java:106)
	at sun.reflect.NativeMethodAccessorImpl.invoke0(Native Method)
	at sun.reflect.NativeMethodAccessorImpl.invoke(NativeMethodAccessorImpl.java:62)
	at sun.reflect.DelegatingMethodAccessorImpl.invoke(DelegatingMethodAccessorImpl.java:43)
	at java.lang.reflect.Method.invoke(Method.java:498)
	at org.apache.maven.surefire.util.ReflectionUtils.invokeMethodWithArray(ReflectionUtils.java:189)
	at org.apache.maven.surefire.booter.ProviderFactory$ProviderProxy.invoke(ProviderFactory.java:165)
	at org.apache.maven.surefire.booter.ProviderFactory.invokeProvider(ProviderFactory.java:85)
	at org.apache.maven.surefire.booter.ForkedBooter.runSuitesInProcess(ForkedBooter.java:115)
	at org.apache.maven.surefire.booter.ForkedBooter.main(ForkedBooter.java:75)
Caused by: java.net.ConnectException: ConnectException invoking http://localhost:3000/employees/: Connection refused (Connection refused)
	at sun.reflect.NativeConstructorAccessorImpl.newInstance0(Native Method)
	at sun.reflect.NativeConstructorAccessorImpl.newInstance(NativeConstructorAccessorImpl.java:62)
	at sun.reflect.DelegatingConstructorAccessorImpl.newInstance(DelegatingConstructorAccessorImpl.java:45)
	at java.lang.reflect.Constructor.newInstance(Constructor.java:423)
	at org.apache.cxf.transport.http.HTTPConduit$WrappedOutputStream.mapException(HTTPConduit.java:1385)
	at org.apache.cxf.transport.http.HTTPConduit$WrappedOutputStream.close(HTTPConduit.java:1369)
	at org.apache.cxf.transport.AbstractConduit.close(AbstractConduit.java:56)
	at org.apache.cxf.transport.http.HTTPConduit.close(HTTPConduit.java:653)
	at org.apache.cxf.interceptor.MessageSenderInterceptor$MessageSenderEndingInterceptor.handleMessage(MessageSenderInterceptor.java:62)
	... 39 common frames omitted
Caused by: java.net.ConnectException: Connection refused (Connection refused)
	at java.net.PlainSocketImpl.socketConnect(Native Method)
	at java.net.AbstractPlainSocketImpl.doConnect(AbstractPlainSocketImpl.java:350)
	at java.net.AbstractPlainSocketImpl.connectToAddress(AbstractPlainSocketImpl.java:206)
	at java.net.AbstractPlainSocketImpl.connect(AbstractPlainSocketImpl.java:188)
	at java.net.SocksSocketImpl.connect(SocksSocketImpl.java:392)
	at java.net.Socket.connect(Socket.java:589)
	at sun.net.NetworkClient.doConnect(NetworkClient.java:175)
	at sun.net.www.http.HttpClient.openServer(HttpClient.java:463)
	at sun.net.www.http.HttpClient.openServer(HttpClient.java:558)
	at sun.net.www.http.HttpClient.&lt;init&gt;(HttpClient.java:242)
	at sun.net.www.http.HttpClient.New(HttpClient.java:339)
	at sun.net.www.http.HttpClient.New(HttpClient.java:357)
	at sun.net.www.protocol.http.HttpURLConnection.getNewHttpClient(HttpURLConnection.java:1220)
	at sun.net.www.protocol.http.HttpURLConnection.plainConnect0(HttpURLConnection.java:1199)
	at sun.net.www.protocol.http.HttpURLConnection.plainConnect(HttpURLConnection.java:1050)
	at sun.net.www.protocol.http.HttpURLConnection.connect(HttpURLConnection.java:984)
	at sun.net.www.protocol.http.HttpURLConnection.getOutputStream0(HttpURLConnection.java:1334)
	at sun.net.www.protocol.http.HttpURLConnection.getOutputStream(HttpURLConnection.java:1309)
	at org.apache.cxf.transport.http.URLConnectionHTTPConduit$URLConnectionWrappedOutputStream.setupWrappedStream(URLConnectionHTTPConduit.java:260)
	at org.apache.cxf.transport.http.HTTPConduit$WrappedOutputStream.handleHeadersTrustCaching(HTTPConduit.java:1328)
	at org.apache.cxf.transport.http.HTTPConduit$WrappedOutputStream.onFirstWrite(HTTPConduit.java:1288)
	at org.apache.cxf.transport.http.URLConnectionHTTPConduit$URLConnectionWrappedOutputStream.onFirstWrite(URLConnectionHTTPConduit.java:291)
	at org.apache.cxf.io.AbstractWrappedOutputStream.write(AbstractWrappedOutputStream.java:47)
	at org.apache.cxf.io.AbstractThresholdOutputStream.write(AbstractThresholdOutputStream.java:69)
	at org.apache.cxf.transport.http.HTTPConduit$WrappedOutputStream.close(HTTPConduit.java:1341)
	... 42 common frames omitted
12:49:05.629 [main] DEBUG org.apache.cxf.phase.PhaseInterceptorChain - Adding interceptor org.apache.cxf.jaxrs.client.AbstractClient$ConnectionFaultInterceptor@4bdeaabb to phase pre-stream
12:49:05.629 [main] DEBUG org.apache.cxf.phase.PhaseInterceptorChain - Chain org.apache.cxf.phase.PhaseInterceptorChain@6c4906d3 was created. Current flow:
  pre-stream [ConnectionFaultInterceptor]

12:49:05.630 [main] DEBUG org.apache.cxf.phase.PhaseInterceptorChain - Invoking handleMessage on interceptor org.apache.cxf.jaxrs.client.AbstractClient$ConnectionFaultInterceptor@4bdeaabb
</system-out>
  </testcase>
  <testcase classname="com.qapitol.qa.test.TestDemoTest" name="testUpdatePost" time="0.007">
    <failure message="java.net.ConnectException: ConnectException invoking http://localhost:3000/employees/10: Connection refused (Connection refused)" type="javax.ws.rs.ProcessingException">javax.ws.rs.ProcessingException: java.net.ConnectException: ConnectException invoking http://localhost:3000/employees/10: Connection refused (Connection refused)
	at org.apache.cxf.jaxrs.client.AbstractClient.checkClientException(AbstractClient.java:602)
	at org.apache.cxf.jaxrs.client.AbstractClient.preProcessResult(AbstractClient.java:578)
	at org.apache.cxf.jaxrs.client.ClientProxyImpl.doChainedInvocation(ClientProxyImpl.java:783)
	at org.apache.cxf.jaxrs.client.ClientProxyImpl.invoke(ClientProxyImpl.java:230)
	at com.sun.proxy.$Proxy18.updateEmployee(Unknown Source)
	at com.qapitol.qa.test.TestDemoTest.testUpdatePost(TestDemoTest.java:65)
Caused by: java.net.ConnectException: ConnectException invoking http://localhost:3000/employees/10: Connection refused (Connection refused)
	at sun.reflect.NativeConstructorAccessorImpl.newInstance0(Native Method)
	at sun.reflect.NativeConstructorAccessorImpl.newInstance(NativeConstructorAccessorImpl.java:62)
	at sun.reflect.DelegatingConstructorAccessorImpl.newInstance(DelegatingConstructorAccessorImpl.java:45)
	at java.lang.reflect.Constructor.newInstance(Constructor.java:423)
	at org.apache.cxf.transport.http.HTTPConduit$WrappedOutputStream.mapException(HTTPConduit.java:1385)
	at org.apache.cxf.transport.http.HTTPConduit$WrappedOutputStream.close(HTTPConduit.java:1369)
	at org.apache.cxf.transport.AbstractConduit.close(AbstractConduit.java:56)
	at org.apache.cxf.transport.http.HTTPConduit.close(HTTPConduit.java:653)
	at org.apache.cxf.interceptor.MessageSenderInterceptor$MessageSenderEndingInterceptor.handleMessage(MessageSenderInterceptor.java:62)
	at org.apache.cxf.phase.PhaseInterceptorChain.doIntercept(PhaseInterceptorChain.java:307)
	at org.apache.cxf.jaxrs.client.AbstractClient.doRunInterceptorChain(AbstractClient.java:675)
	at org.apache.cxf.jaxrs.client.ClientProxyImpl.doChainedInvocation(ClientProxyImpl.java:781)
	... 36 more
Caused by: java.net.ConnectException: Connection refused (Connection refused)
	at java.net.PlainSocketImpl.socketConnect(Native Method)
	at java.net.AbstractPlainSocketImpl.doConnect(AbstractPlainSocketImpl.java:350)
	at java.net.AbstractPlainSocketImpl.connectToAddress(AbstractPlainSocketImpl.java:206)
	at java.net.AbstractPlainSocketImpl.connect(AbstractPlainSocketImpl.java:188)
	at java.net.SocksSocketImpl.connect(SocksSocketImpl.java:392)
	at java.net.Socket.connect(Socket.java:589)
	at sun.net.NetworkClient.doConnect(NetworkClient.java:175)
	at sun.net.www.http.HttpClient.openServer(HttpClient.java:463)
	at sun.net.www.http.HttpClient.openServer(HttpClient.java:558)
	at sun.net.www.http.HttpClient.&lt;init&gt;(HttpClient.java:242)
	at sun.net.www.http.HttpClient.New(HttpClient.java:339)
	at sun.net.www.http.HttpClient.New(HttpClient.java:357)
	at sun.net.www.protocol.http.HttpURLConnection.getNewHttpClient(HttpURLConnection.java:1220)
	at sun.net.www.protocol.http.HttpURLConnection.plainConnect0(HttpURLConnection.java:1199)
	at sun.net.www.protocol.http.HttpURLConnection.plainConnect(HttpURLConnection.java:1050)
	at sun.net.www.protocol.http.HttpURLConnection.connect(HttpURLConnection.java:984)
	at sun.net.www.protocol.http.HttpURLConnection.getOutputStream0(HttpURLConnection.java:1334)
	at sun.net.www.protocol.http.HttpURLConnection.getOutputStream(HttpURLConnection.java:1309)
	at org.apache.cxf.transport.http.URLConnectionHTTPConduit$URLConnectionWrappedOutputStream.setupWrappedStream(URLConnectionHTTPConduit.java:260)
	at org.apache.cxf.transport.http.HTTPConduit$WrappedOutputStream.handleHeadersTrustCaching(HTTPConduit.java:1328)
	at org.apache.cxf.transport.http.HTTPConduit$WrappedOutputStream.onFirstWrite(HTTPConduit.java:1288)
	at org.apache.cxf.transport.http.URLConnectionHTTPConduit$URLConnectionWrappedOutputStream.onFirstWrite(URLConnectionHTTPConduit.java:291)
	at org.apache.cxf.io.AbstractWrappedOutputStream.write(AbstractWrappedOutputStream.java:47)
	at org.apache.cxf.io.AbstractThresholdOutputStream.write(AbstractThresholdOutputStream.java:69)
	at org.apache.cxf.transport.http.HTTPConduit$WrappedOutputStream.close(HTTPConduit.java:1341)
	... 42 more
</failure>
    <system-out>12:49:05.631 [main] DEBUG org.apache.cxf.phase.PhaseInterceptorChain - Adding interceptor org.apache.cxf.interceptor.MessageSenderInterceptor@77fbd92c to phase prepare-send
12:49:05.632 [main] DEBUG org.apache.cxf.phase.PhaseInterceptorChain - Adding interceptor org.apache.cxf.interceptor.MessageSenderInterceptor@77fbd92c to phase prepare-send
12:49:05.632 [main] DEBUG org.apache.cxf.phase.PhaseInterceptorChain - Adding interceptor org.apache.cxf.jaxrs.client.spec.ClientRequestFilterInterceptor@4d1bf319 to phase pre-logical
12:49:05.632 [main] DEBUG org.apache.cxf.phase.PhaseInterceptorChain - Adding interceptor org.apache.cxf.jaxrs.client.ClientProxyImpl$BodyWriter@30c15d8b to phase write
12:49:05.632 [main] DEBUG org.apache.cxf.phase.PhaseInterceptorChain - Chain org.apache.cxf.phase.PhaseInterceptorChain@6f53b8a was created. Current flow:
  pre-logical [ClientRequestFilterInterceptor]
  prepare-send [MessageSenderInterceptor]
  write [BodyWriter]

12:49:05.632 [main] DEBUG org.apache.cxf.phase.PhaseInterceptorChain - Invoking handleMessage on interceptor org.apache.cxf.jaxrs.client.spec.ClientRequestFilterInterceptor@4d1bf319
12:49:05.632 [main] DEBUG org.apache.cxf.phase.PhaseInterceptorChain - Invoking handleMessage on interceptor org.apache.cxf.interceptor.MessageSenderInterceptor@77fbd92c
12:49:05.633 [main] DEBUG org.apache.cxf.phase.PhaseInterceptorChain - Adding interceptor org.apache.cxf.interceptor.MessageSenderInterceptor$MessageSenderEndingInterceptor@b2c9a9c to phase prepare-send-ending
12:49:05.633 [main] DEBUG org.apache.cxf.phase.PhaseInterceptorChain - Chain org.apache.cxf.phase.PhaseInterceptorChain@6f53b8a was modified. Current flow:
  pre-logical [ClientRequestFilterInterceptor]
  prepare-send [MessageSenderInterceptor]
  write [BodyWriter]
  prepare-send-ending [MessageSenderEndingInterceptor]

12:49:05.633 [main] DEBUG org.apache.cxf.phase.PhaseInterceptorChain - Invoking handleMessage on interceptor org.apache.cxf.jaxrs.client.ClientProxyImpl$BodyWriter@30c15d8b
12:49:05.634 [main] DEBUG org.apache.cxf.phase.PhaseInterceptorChain - Invoking handleMessage on interceptor org.apache.cxf.interceptor.MessageSenderInterceptor$MessageSenderEndingInterceptor@b2c9a9c
12:49:05.634 [main] DEBUG org.apache.cxf.transport.http.Headers - Content-Type: application/json
12:49:05.634 [main] DEBUG org.apache.cxf.transport.http.Headers - Accept: application/json
12:49:05.634 [main] DEBUG org.apache.cxf.transport.http.HTTPConduit - No Trust Decider for Conduit &apos;{http://api.qa.qapitol.com/}Employees.http-conduit&apos;. An affirmative Trust Decision is assumed.
12:49:05.635 [main] DEBUG org.apache.cxf.phase.PhaseInterceptorChain - Invoking handleFault on interceptor org.apache.cxf.interceptor.MessageSenderInterceptor$MessageSenderEndingInterceptor@b2c9a9c
12:49:05.635 [main] DEBUG org.apache.cxf.phase.PhaseInterceptorChain - Invoking handleFault on interceptor org.apache.cxf.jaxrs.client.ClientProxyImpl$BodyWriter@30c15d8b
12:49:05.635 [main] DEBUG org.apache.cxf.phase.PhaseInterceptorChain - Invoking handleFault on interceptor org.apache.cxf.interceptor.MessageSenderInterceptor@77fbd92c
12:49:05.635 [main] DEBUG org.apache.cxf.phase.PhaseInterceptorChain - Invoking handleFault on interceptor org.apache.cxf.jaxrs.client.spec.ClientRequestFilterInterceptor@4d1bf319
12:49:05.635 [main] WARN org.apache.cxf.phase.PhaseInterceptorChain - Interceptor for {http://api.qa.qapitol.com/}Employees has thrown exception, unwinding now
org.apache.cxf.interceptor.Fault: Could not send Message.
	at org.apache.cxf.interceptor.MessageSenderInterceptor$MessageSenderEndingInterceptor.handleMessage(MessageSenderInterceptor.java:64)
	at org.apache.cxf.phase.PhaseInterceptorChain.doIntercept(PhaseInterceptorChain.java:307)
	at org.apache.cxf.jaxrs.client.AbstractClient.doRunInterceptorChain(AbstractClient.java:675)
	at org.apache.cxf.jaxrs.client.ClientProxyImpl.doChainedInvocation(ClientProxyImpl.java:781)
	at org.apache.cxf.jaxrs.client.ClientProxyImpl.invoke(ClientProxyImpl.java:230)
	at com.sun.proxy.$Proxy18.updateEmployee(Unknown Source)
	at com.qapitol.qa.test.TestDemoTest.testUpdatePost(TestDemoTest.java:65)
	at sun.reflect.NativeMethodAccessorImpl.invoke0(Native Method)
	at sun.reflect.NativeMethodAccessorImpl.invoke(NativeMethodAccessorImpl.java:62)
	at sun.reflect.DelegatingMethodAccessorImpl.invoke(DelegatingMethodAccessorImpl.java:43)
	at java.lang.reflect.Method.invoke(Method.java:498)
	at org.testng.internal.MethodInvocationHelper.invokeMethod(MethodInvocationHelper.java:86)
	at org.testng.internal.Invoker.invokeMethod(Invoker.java:643)
	at org.testng.internal.Invoker.invokeTestMethod(Invoker.java:820)
	at org.testng.internal.Invoker.invokeTestMethods(Invoker.java:1128)
	at org.testng.internal.TestMethodWorker.invokeTestMethods(TestMethodWorker.java:129)
	at org.testng.internal.TestMethodWorker.run(TestMethodWorker.java:112)
	at org.testng.TestRunner.privateRun(TestRunner.java:782)
	at org.testng.TestRunner.run(TestRunner.java:632)
	at org.testng.SuiteRunner.runTest(SuiteRunner.java:366)
	at org.testng.SuiteRunner.runSequentially(SuiteRunner.java:361)
	at org.testng.SuiteRunner.privateRun(SuiteRunner.java:319)
	at org.testng.SuiteRunner.run(SuiteRunner.java:268)
	at org.testng.SuiteRunnerWorker.runSuite(SuiteRunnerWorker.java:52)
	at org.testng.SuiteRunnerWorker.run(SuiteRunnerWorker.java:86)
	at org.testng.TestNG.runSuitesSequentially(TestNG.java:1244)
	at org.testng.TestNG.runSuitesLocally(TestNG.java:1169)
	at org.testng.TestNG.run(TestNG.java:1064)
	at org.apache.maven.surefire.testng.TestNGExecutor.run(TestNGExecutor.java:77)
	at org.apache.maven.surefire.testng.TestNGDirectoryTestSuite.execute(TestNGDirectoryTestSuite.java:110)
	at org.apache.maven.surefire.testng.TestNGProvider.invoke(TestNGProvider.java:106)
	at sun.reflect.NativeMethodAccessorImpl.invoke0(Native Method)
	at sun.reflect.NativeMethodAccessorImpl.invoke(NativeMethodAccessorImpl.java:62)
	at sun.reflect.DelegatingMethodAccessorImpl.invoke(DelegatingMethodAccessorImpl.java:43)
	at java.lang.reflect.Method.invoke(Method.java:498)
	at org.apache.maven.surefire.util.ReflectionUtils.invokeMethodWithArray(ReflectionUtils.java:189)
	at org.apache.maven.surefire.booter.ProviderFactory$ProviderProxy.invoke(ProviderFactory.java:165)
	at org.apache.maven.surefire.booter.ProviderFactory.invokeProvider(ProviderFactory.java:85)
	at org.apache.maven.surefire.booter.ForkedBooter.runSuitesInProcess(ForkedBooter.java:115)
	at org.apache.maven.surefire.booter.ForkedBooter.main(ForkedBooter.java:75)
Caused by: java.net.ConnectException: ConnectException invoking http://localhost:3000/employees/10: Connection refused (Connection refused)
	at sun.reflect.NativeConstructorAccessorImpl.newInstance0(Native Method)
	at sun.reflect.NativeConstructorAccessorImpl.newInstance(NativeConstructorAccessorImpl.java:62)
	at sun.reflect.DelegatingConstructorAccessorImpl.newInstance(DelegatingConstructorAccessorImpl.java:45)
	at java.lang.reflect.Constructor.newInstance(Constructor.java:423)
	at org.apache.cxf.transport.http.HTTPConduit$WrappedOutputStream.mapException(HTTPConduit.java:1385)
	at org.apache.cxf.transport.http.HTTPConduit$WrappedOutputStream.close(HTTPConduit.java:1369)
	at org.apache.cxf.transport.AbstractConduit.close(AbstractConduit.java:56)
	at org.apache.cxf.transport.http.HTTPConduit.close(HTTPConduit.java:653)
	at org.apache.cxf.interceptor.MessageSenderInterceptor$MessageSenderEndingInterceptor.handleMessage(MessageSenderInterceptor.java:62)
	... 39 common frames omitted
Caused by: java.net.ConnectException: Connection refused (Connection refused)
	at java.net.PlainSocketImpl.socketConnect(Native Method)
	at java.net.AbstractPlainSocketImpl.doConnect(AbstractPlainSocketImpl.java:350)
	at java.net.AbstractPlainSocketImpl.connectToAddress(AbstractPlainSocketImpl.java:206)
	at java.net.AbstractPlainSocketImpl.connect(AbstractPlainSocketImpl.java:188)
	at java.net.SocksSocketImpl.connect(SocksSocketImpl.java:392)
	at java.net.Socket.connect(Socket.java:589)
	at sun.net.NetworkClient.doConnect(NetworkClient.java:175)
	at sun.net.www.http.HttpClient.openServer(HttpClient.java:463)
	at sun.net.www.http.HttpClient.openServer(HttpClient.java:558)
	at sun.net.www.http.HttpClient.&lt;init&gt;(HttpClient.java:242)
	at sun.net.www.http.HttpClient.New(HttpClient.java:339)
	at sun.net.www.http.HttpClient.New(HttpClient.java:357)
	at sun.net.www.protocol.http.HttpURLConnection.getNewHttpClient(HttpURLConnection.java:1220)
	at sun.net.www.protocol.http.HttpURLConnection.plainConnect0(HttpURLConnection.java:1199)
	at sun.net.www.protocol.http.HttpURLConnection.plainConnect(HttpURLConnection.java:1050)
	at sun.net.www.protocol.http.HttpURLConnection.connect(HttpURLConnection.java:984)
	at sun.net.www.protocol.http.HttpURLConnection.getOutputStream0(HttpURLConnection.java:1334)
	at sun.net.www.protocol.http.HttpURLConnection.getOutputStream(HttpURLConnection.java:1309)
	at org.apache.cxf.transport.http.URLConnectionHTTPConduit$URLConnectionWrappedOutputStream.setupWrappedStream(URLConnectionHTTPConduit.java:260)
	at org.apache.cxf.transport.http.HTTPConduit$WrappedOutputStream.handleHeadersTrustCaching(HTTPConduit.java:1328)
	at org.apache.cxf.transport.http.HTTPConduit$WrappedOutputStream.onFirstWrite(HTTPConduit.java:1288)
	at org.apache.cxf.transport.http.URLConnectionHTTPConduit$URLConnectionWrappedOutputStream.onFirstWrite(URLConnectionHTTPConduit.java:291)
	at org.apache.cxf.io.AbstractWrappedOutputStream.write(AbstractWrappedOutputStream.java:47)
	at org.apache.cxf.io.AbstractThresholdOutputStream.write(AbstractThresholdOutputStream.java:69)
	at org.apache.cxf.transport.http.HTTPConduit$WrappedOutputStream.close(HTTPConduit.java:1341)
	... 42 common frames omitted
12:49:05.636 [main] DEBUG org.apache.cxf.phase.PhaseInterceptorChain - Adding interceptor org.apache.cxf.jaxrs.client.AbstractClient$ConnectionFaultInterceptor@5c80cf32 to phase pre-stream
12:49:05.636 [main] DEBUG org.apache.cxf.phase.PhaseInterceptorChain - Chain org.apache.cxf.phase.PhaseInterceptorChain@7d900ecf was created. Current flow:
  pre-stream [ConnectionFaultInterceptor]

12:49:05.636 [main] DEBUG org.apache.cxf.phase.PhaseInterceptorChain - Invoking handleMessage on interceptor org.apache.cxf.jaxrs.client.AbstractClient$ConnectionFaultInterceptor@5c80cf32
</system-out>
  </testcase>
</testsuite>